Wed Apr 23 18:52:03 UTC 2025
Thu Apr 24 13:36:36 UTC 2025
Fri Apr 25 13:18:41 UTC 2025
Sat Apr 26 13:03:44 UTC 2025
Sun Apr 27 13:04:19 UTC 2025
Mon Apr 28 13:49:54 UTC 2025
Tue Apr 29 13:44:16 UTC 2025
Wed Apr 30 13:19:13 UTC 2025
Thu May  1 13:17:40 UTC 2025
Fri May  2 13:18:42 UTC 2025
Sat May  3 13:05:20 UTC 2025
Sun May  4 13:13:37 UTC 2025
Mon May  5 13:36:05 UTC 2025
Tue May  6 13:38:46 UTC 2025
Wed May  7 13:42:26 UTC 2025
Thu May  8 13:35:11 UTC 2025
Fri May  9 13:35:14 UTC 2025
Sat May 10 13:05:09 UTC 2025
Sun May 11 13:05:40 UTC 2025
Mon May 12 13:41:02 UTC 2025
